Determining if the pthread_create exist failed with the following output:
Change Dir: /home/zhuoyu/Documents/CIS-700/generate_data/build/CMakeFiles/CMakeTmp

Run Build Command:"/usr/bin/make" "cmTC_c3777/fast"
/usr/bin/make -f CMakeFiles/cmTC_c3777.dir/build.make CMakeFiles/cmTC_c3777.dir/build
make[1]: Entering directory '/home/zhuoyu/Documents/CIS-700/generate_data/build/CMakeFiles/CMakeTmp'
Building C object CMakeFiles/cmTC_c3777.dir/CheckSymbolExists.c.o
/usr/bin/cc    -o CMakeFiles/cmTC_c3777.dir/CheckSymbolExists.c.o   -c /home/zhuoyu/Documents/CIS-700/generate_data/build/CMakeFiles/CMakeTmp/CheckSymbolExists.c
Linking C executable cmTC_c3777
/usr/bin/cmake -E cmake_link_script CMakeFiles/cmTC_c3777.dir/link.txt --verbose=1
/usr/bin/cc      -rdynamic CMakeFiles/cmTC_c3777.dir/CheckSymbolExists.c.o  -o cmTC_c3777 
CMakeFiles/cmTC_c3777.dir/CheckSymbolExists.c.o: In function `main':
CheckSymbolExists.c:(.text+0x1b): undefined reference to `pthread_create'
collect2: error: ld returned 1 exit status
CMakeFiles/cmTC_c3777.dir/build.make:97: recipe for target 'cmTC_c3777' failed
make[1]: *** [cmTC_c3777] Error 1
make[1]: Leaving directory '/home/zhuoyu/Documents/CIS-700/generate_data/build/CMakeFiles/CMakeTmp'
Makefile:126: recipe for target 'cmTC_c3777/fast' failed
make: *** [cmTC_c3777/fast] Error 2

File /home/zhuoyu/Documents/CIS-700/generate_data/build/CMakeFiles/CMakeTmp/CheckSymbolExists.c:
/* */
#include <pthread.h>

int main(int argc, char** argv)
{
  (void)argv;
#ifndef pthread_create
  return ((int*)(&pthread_create))[argc];
#else
  (void)argc;
  return 0;
#endif
}

Determining if the function pthread_create exists in the pthreads failed with the following output:
Change Dir: /home/zhuoyu/Documents/CIS-700/generate_data/build/CMakeFiles/CMakeTmp

Run Build Command:"/usr/bin/make" "cmTC_ebe6a/fast"
/usr/bin/make -f CMakeFiles/cmTC_ebe6a.dir/build.make CMakeFiles/cmTC_ebe6a.dir/build
make[1]: Entering directory '/home/zhuoyu/Documents/CIS-700/generate_data/build/CMakeFiles/CMakeTmp'
Building C object CMakeFiles/cmTC_ebe6a.dir/CheckFunctionExists.c.o
/usr/bin/cc   -DCHECK_FUNCTION_EXISTS=pthread_create   -o CMakeFiles/cmTC_ebe6a.dir/CheckFunctionExists.c.o   -c /usr/share/cmake-3.10/Modules/CheckFunctionExists.c
Linking C executable cmTC_ebe6a
/usr/bin/cmake -E cmake_link_script CMakeFiles/cmTC_ebe6a.dir/link.txt --verbose=1
/usr/bin/cc  -DCHECK_FUNCTION_EXISTS=pthread_create    -rdynamic CMakeFiles/cmTC_ebe6a.dir/CheckFunctionExists.c.o  -o cmTC_ebe6a -lpthreads 
/usr/bin/ld: cannot find -lpthreads
collect2: error: ld returned 1 exit status
CMakeFiles/cmTC_ebe6a.dir/build.make:97: recipe for target 'cmTC_ebe6a' failed
make[1]: *** [cmTC_ebe6a] Error 1
make[1]: Leaving directory '/home/zhuoyu/Documents/CIS-700/generate_data/build/CMakeFiles/CMakeTmp'
Makefile:126: recipe for target 'cmTC_ebe6a/fast' failed
make: *** [cmTC_ebe6a/fast] Error 2


